Added Component: Designator=U2(SOT223_N)
Added Pin To Net: NetName=3.3V Pin=U2-2
Added Net: Name=3.3V
Added Pin To Net: NetName=5V Pin=U2-3
Added Net: Name=5V
Added Net: Name=BOOT0
Added Net: Name=BOOT1
Added Net: Name=CH340_D+
Added Net: Name=CH340_D-
Added Pin To Net: NetName=GND Pin=U2-1
Added Net: Name=GND
Added Net: Name=NetC9_1
Added Net: Name=NetC10_1
Added Net: Name=NetC11_2
Added Net: Name=NetC12_2
Added Net: Name=NetC18_1
Added Net: Name=NetC19_1
Added Net: Name=NetC20_1
Added Net: Name=NetC21_1
Added Net: Name=NetC22_1
Added Net: Name=NetC23_1
Added Net: Name=NetC24_1
Added Net: Name=NetD1_1
Added Net: Name=NetD2_1
Added Net: Name=NetD3_1
Added Net: Name=NetF1_2
Added Net: Name=NetJP2_2
Added Net: Name=NetJP2_3
Added Net: Name=NRST
Added Net: Name=PA0
Added Net: Name=PA1
Added Net: Name=PA2
Added Net: Name=PA3
Added Net: Name=PA4
Added Net: Name=PA5
Added Net: Name=PA6
Added Net: Name=PA7
Added Net: Name=PA8
Added Net: Name=PA9
Added Net: Name=PA10
Added Net: Name=PA11
Added Net: Name=PA12
Added Net: Name=PA15
Added Net: Name=PB0
Added Net: Name=PB1
Added Net: Name=PB3
Added Net: Name=PB4
Added Net: Name=PB5
Added Net: Name=PB6
Added Net: Name=PB7
Added Net: Name=PB8
Added Net: Name=PB9
Added Net: Name=PB10
Added Net: Name=PB11
Added Net: Name=PB12
Added Net: Name=PB13
Added Net: Name=PB14
Added Net: Name=PB15
Added Net: Name=PC0
Added Net: Name=PC1
Added Net: Name=PC2
Added Net: Name=PC3
Added Net: Name=PC4
Added Net: Name=PC5
Added Net: Name=PC6
Added Net: Name=PC7
Added Net: Name=PC8
Added Net: Name=PC9
Added Net: Name=PC10
Added Net: Name=PC11
Added Net: Name=PC12
Added Net: Name=PC13
Added Net: Name=PC14
Added Net: Name=PC15
Added Net: Name=PD2
Added Net: Name=RESET
Added Net: Name=RX
Added Net: Name=SWCLK
Added Net: Name=SWDIO
Added Net: Name=TX
Added Net: Name=VCC
Added Net: Name=VDDA
Added Net: Name=VSSA
Added Class: Name=Sheet1
Added Room: Name=Sheet1
