Removed Pin From Net: NetName=3.3V Pin=C5-1
Removed Pin From Net: NetName=GND Pin=C5-2
Removed Pin From Net: NetName=3.3V Pin=C6-1
Removed Pin From Net: NetName=GND Pin=C6-2
Removed Pin From Net: NetName=NetJP2_2 Pin=C15-2
Removed Pin From Net: NetName=NetJP2_3 Pin=C16-1
Removed Pin From Net: NetName=GND Pin=C25-1
Removed Pin From Net: NetName=3.3V Pin=C25-2
Removed Pin From Net: NetName=GND Pin=C27-1
Removed Pin From Net: NetName=3.3V Pin=C27-2
Removed Pin From Net: NetName=GND Pin=C29-1
Removed Pin From Net: NetName=3.3V Pin=C29-2
Removed Pin From Net: NetName=GND Pin=C30-1
Removed Pin From Net: NetName=3.3V Pin=C30-2
Removed Pin From Net: NetName=GND Pin=C31-1
Removed Pin From Net: NetName=3.3V Pin=C31-2
Removed Pin From Net: NetName=GND Pin=C32-1
Removed Pin From Net: NetName=3.3V Pin=C32-2
Removed Pin From Net: NetName=GND Pin=JP8-5
Removed Pin From Net: NetName=GND Pin=JP8-6
Removed Pin From Net: NetName=GND Pin=JP8-7
Removed Pin From Net: NetName=GND Pin=JP8-8
Removed Pin From Net: NetName=GND Pin=JP8-9
Removed Pin From Net: NetName=PC10 Pin=JP9-2
Removed Pin From Net: NetName=PC11 Pin=JP9-4
Removed Pin From Net: NetName=5V Pin=SW1-2
Removed Pin From Net: NetName=GND Pin=SW3-2
Removed Pin From Net: NetName=GND Pin=SW4-2
Removed Pin From Net: NetName=3.3V Pin=U2-4
Removed Pin From Net: NetName=NetC23_1 Pin=Y3-1
Removed Pin From Net: NetName=NetC22_1 Pin=Y3-2
Change Component Designator: OldDesignator=C25 NewDesignator=C6
Change Component Designator: OldDesignator=C27 NewDesignator=C5
Added Component: Designator=C2(0805C)
Added Component: Designator=C26(0805C)
Added Component: Designator=C28(0805C)
Added Component: Designator=C33(0805C)
Added Component: Designator=F1(1206R)
Added Component: Designator=R23(0805R)
Added Component: Designator=R24(0805R)
Added Component: Designator=R25(0805R)
Added Component: Designator=R26(0805R)
Added Pin To Net: NetName=3.3V Pin=C2-1
Added Pin To Net: NetName=GND Pin=C2-2
Added Pin To Net: NetName=3.3V Pin=C25-1
Added Pin To Net: NetName=GND Pin=C25-2
Added Pin To Net: NetName=3.3V Pin=C26-1
Added Pin To Net: NetName=GND Pin=C26-2
Added Pin To Net: NetName=3.3V Pin=C27-1
Added Pin To Net: NetName=GND Pin=C27-2
Added Pin To Net: NetName=3.3V Pin=C28-1
Added Pin To Net: NetName=GND Pin=C28-2
Added Pin To Net: NetName=3.3V Pin=C29-1
Added Pin To Net: NetName=GND Pin=C29-2
Added Pin To Net: NetName=3.3V Pin=C30-1
Added Pin To Net: NetName=GND Pin=C30-2
Added Pin To Net: NetName=3.3V Pin=C31-1
Added Pin To Net: NetName=GND Pin=C31-2
Added Pin To Net: NetName=3.3V Pin=C32-1
Added Pin To Net: NetName=GND Pin=C32-2
Added Pin To Net: NetName=3.3V Pin=C33-1
Added Pin To Net: NetName=GND Pin=C33-2
Added Pin To Net: NetName=5V Pin=F1-1
Added Pin To Net: NetName=NetF1_2 Pin=F1-2
Added Pin To Net: NetName=PC11 Pin=JP9-2
Added Pin To Net: NetName=PC10 Pin=JP9-4
Added Pin To Net: NetName=3.3V Pin=R23-1
Added Pin To Net: NetName=3.3V Pin=R24-1
Added Pin To Net: NetName=3.3V Pin=R25-2
Added Pin To Net: NetName=GND Pin=R26-2
Added Pin To Net: NetName=NetF1_2 Pin=SW1-2
Added Pin To Net: NetName=3.3V Pin=U1-8
Added Pin To Net: NetName=GND Pin=U1-15
Added Pin To Net: NetName=TX Pin=U1-21
Added Pin To Net: NetName=RX Pin=U1-22
Added Pin To Net: NetName=NetR23_2 Pin=R23-2
Added Pin To Net: NetName=NetR23_2 Pin=U1-1
Added Net: Name=NetR23_2
Added Pin To Net: NetName=NetR24_2 Pin=R24-2
Added Pin To Net: NetName=NetR24_2 Pin=U1-3
Added Net: Name=NetR24_2
Added Pin To Net: NetName=NetR25_1 Pin=R25-1
Added Pin To Net: NetName=NetR25_1 Pin=U1-18
Added Net: Name=NetR25_1
Added Pin To Net: NetName=NetR26_1 Pin=R26-1
Added Pin To Net: NetName=NetR26_1 Pin=U1-16
Added Net: Name=NetR26_1
