Drill Listing
=============
Drill: .012  Tool: 1  Feed: 0  Speed: 0
X 111000  Y 145100
X 104400  Y 145100
X 111000  Y 150050
X 104400  Y 150050
X 111000  Y 155550
X 104400  Y 155550
X 111000  Y 160500
X 104400  Y 160500
X 104400  Y 166000
X 111000  Y 166000
X 104400  Y 171500
X 111000  Y 171500
X 124750  Y 180850
X 113200  Y 181400
X 123650  Y 181950
X 116500  Y 254000
X 118700  Y 257300
X 116500  Y 261150
X 117050  Y 268300
X 120350  Y 275450
X 125300  Y 275450
X 117050  Y 291400
X 122550  Y 291400
X 125850  Y 313950
X 119800  Y 315050
X 110450  Y 334300
X 128600  Y 336500
X 123650  Y 340900
X 114300  Y 346400
X 128600  Y 351350
X 110450  Y 370600
X 116500  Y 370600
X 123650  Y 370600
X 104950  Y 374450
X 124750  Y 381600
X 105500  Y 389850
X 111000  Y 392600
X 117600  Y 392600
X 124750  Y 392600
X 132450  Y 392600
X 153350  Y 392600
X 146750  Y 392600
X 139050  Y 392600
X 143450  Y 381600
X 131900  Y 371150
X 139600  Y 371150
X 146200  Y 370600
X 153350  Y 370600
X 151700  Y 360700
X 146200  Y 360700
X 130800  Y 359050
X 140150  Y 353550
X 142900  Y 350250
X 147850  Y 338150
X 141250  Y 338150
X 145650  Y 335400
X 138500  Y 332100
X 148400  Y 332100
X 142900  Y 329900
X 131350  Y 328800
X 141250  Y 326600
X 148950  Y 318900
X 130800  Y 318350
X 153350  Y 315600
X 133000  Y 301300
X 153900  Y 298000
X 140700  Y 291400
X 143450  Y 288650
X 139050  Y 275450
X 144550  Y 275450
X 130250  Y 275450
X 134650  Y 275450
X 153900  Y 268300
X 142350  Y 268300
X 130250  Y 265550
X 152800  Y 257300
X 141250  Y 208900
X 156650  Y 134650
X 162150  Y 137950
X 158850  Y 140150
X 163250  Y 142350
X 163250  Y 147300
X 168750  Y 147300
X 156100  Y 152250
X 168750  Y 152250
X 162700  Y 152250
X 156100  Y 157200
X 168750  Y 157200
X 162700  Y 157200
X 156100  Y 162700
X 168750  Y 162700
X 162700  Y 162700
X 156100  Y 168750
X 168750  Y 168750
X 162700  Y 168750
X 168750  Y 174250
X 156100  Y 174250
X 162700  Y 174250
X 159950  Y 211650
X 155550  Y 219350
X 162150  Y 222650
X 156100  Y 236950
X 179200  Y 240800
X 171500  Y 240800
X 166550  Y 257300
X 176450  Y 267200
X 161050  Y 267200
X 167100  Y 272150
X 154450  Y 273250
X 176450  Y 281500
X 154450  Y 281500
X 161050  Y 281500
X 169850  Y 284250
X 175350  Y 285900
X 161050  Y 287550
X 155000  Y 289200
X 161600  Y 304600
X 173700  Y 332650
X 160500  Y 371150
X 164900  Y 375550
X 164900  Y 388750
X 161050  Y 392600
X 178100  Y 442650
X 185800  Y 449250
X 185800  Y 442650
X 183600  Y 417350
X 181400  Y 414050
X 183600  Y 410200
X 183050  Y 353550
X 179750  Y 345850
X 183050  Y 335950
X 180300  Y 328250
X 222650  Y 318900
X 183050  Y 318350
X 222650  Y 315600
X 227600  Y 312300
X 180300  Y 310650
X 183050  Y 298000
X 183050  Y 281500
X 183050  Y 267200
X 185800  Y 240800
X 235300  Y 339250
X 243000  Y 448700
X 246300  Y 448700
X 248500  Y 464650
X 253450  Y 464650
X 261150  Y 464650
X 266100  Y 464650
X 266100  Y 468500
X 261150  Y 468500
X 248500  Y 468500
X 253450  Y 468500
X 248500  Y 472900
X 253450  Y 472900
X 266100  Y 472900
X 261150  Y 472900
X 315600  Y 441000
X 315600  Y 434400
X 302950  Y 432200
X 287550  Y 428900
X 315600  Y 427800
X 293050  Y 421750
X 315600  Y 421200
X 283150  Y 418450
X 315600  Y 414600
X 282600  Y 410200
X 315600  Y 408000
X 298000  Y 396450
X 288650  Y 396450
X 292500  Y 392050
X 296900  Y 318900
X 296900  Y 315600
X 309000  Y 290300
X 316700  Y 290300
X 312850  Y 285900
X 320550  Y 203950
X 317250  Y 203950
X 313950  Y 198450
X 317800  Y 133550
X 321100  Y 133550
X 366750  Y 107700
X 364000  Y 112100
X 376650  Y 114850
X 370600  Y 114850
X 363450  Y 126400
X 355200  Y 134100
X 354100  Y 139600
X 357400  Y 143450
X 371150  Y 150600
X 350250  Y 162700
X 350800  Y 195150
X 371150  Y 315050
X 365650  Y 318900
X 365650  Y 322200
X 375550  Y 344200
X 401950  Y 478950
X 395900  Y 478400
X 390950  Y 478400
X 401950  Y 474550
X 390950  Y 473450
X 395900  Y 473450
X 401950  Y 470150
X 395900  Y 468500
X 390950  Y 468500
X 388200  Y 454750
X 384900  Y 454750
X 379950  Y 149500
X 388200  Y 141250
X 381600  Y 140150
X 391500  Y 128050
X 400850  Y 114850
X 388750  Y 114850
X 394800  Y 114850
X 382700  Y 114850
X 436600  Y 318900
X 436600  Y 322200
X 434950  Y 398100
X 439900  Y 403600
X 431100  Y 404150
X 449250  Y 408550
X 449250  Y 412950
X 449250  Y 416800
X 424500  Y 417900
X 421200  Y 425600
X 434950  Y 428900
X 431100  Y 436050
X 446500  Y 439350
X 406350  Y 470150
X 406350  Y 474550
X 406350  Y 478950
X 463000  Y 449250
X 463000  Y 442650
X 463000  Y 436050
X 463000  Y 429450
X 463000  Y 422850
X 463000  Y 416250
X 456950  Y 181950
X 456950  Y 178650
X 472900  Y 176450
X 465200  Y 176450
X 477300  Y 176450
X 469050  Y 176450
X 465200  Y 171500
X 469050  Y 171500
X 472900  Y 171500
X 477300  Y 171500
X 474000  Y 163250
X 469600  Y 163250
X 465200  Y 163250
X 477850  Y 163250
X 474000  Y 159400
X 465200  Y 159400
X 469600  Y 159400
X 477850  Y 159400

Drill: .017  Tool: 2  Feed: 0  Speed: 0
X 129150  Y 222650
X 123100  Y 222650
X 116500  Y 227600
X 123100  Y 227600
X 110450  Y 227600
X 129150  Y 227600
X 104400  Y 227600
X 107700  Y 232000
X 113750  Y 232000
X 129150  Y 232550
X 123100  Y 232550
X 116500  Y 236950
X 110450  Y 236950
X 104400  Y 236950
X 113750  Y 241900
X 107700  Y 241900
X 110450  Y 246850
X 116500  Y 246850
X 104400  Y 246850
X 127500  Y 434400
X 127500  Y 438800
X 113750  Y 469050
X 113750  Y 476200
X 113750  Y 482800
X 150050  Y 482800
X 150050  Y 476200
X 150050  Y 469050
X 147850  Y 438800
X 147850  Y 434400
X 153350  Y 416800
X 147850  Y 416800
X 155000  Y 409650
X 147300  Y 409100
X 141250  Y 232550
X 135200  Y 232550
X 135200  Y 227600
X 141250  Y 227600
X 135200  Y 222650
X 169300  Y 129700
X 169300  Y 125850
X 169300  Y 119250
X 169300  Y 114850
X 202300  Y 104400
X 202300  Y 110450
X 202300  Y 117050
X 202300  Y 123100
X 202300  Y 129700
X 191300  Y 134650
X 202300  Y 136300
X 187450  Y 137400
X 195150  Y 137400
X 191300  Y 140150
X 202300  Y 142350
X 187450  Y 143450
X 195150  Y 143450
X 202300  Y 148950
X 202850  Y 155550
X 196800  Y 155550
X 190750  Y 155550
X 190750  Y 162150
X 196800  Y 162150
X 202850  Y 162150
X 202850  Y 168200
X 196800  Y 168200
X 190750  Y 168200
X 202850  Y 174800
X 190750  Y 174800
X 196800  Y 174800
X 196800  Y 181400
X 190750  Y 181400
X 202850  Y 181400
X 196800  Y 186900
X 202850  Y 186900
X 190750  Y 186900
X 190750  Y 192400
X 196800  Y 192400
X 202850  Y 192400
X 190750  Y 198450
X 202850  Y 198450
X 196800  Y 198450
X 196800  Y 204500
X 202850  Y 204500
X 190750  Y 204500
X 190750  Y 210550
X 196800  Y 210550
X 202850  Y 210550
X 190750  Y 216050
X 202850  Y 216050
X 196800  Y 216050
X 203400  Y 262250
X 199550  Y 265550
X 199550  Y 271600
X 199550  Y 278200
X 202300  Y 294150
X 199550  Y 299100
X 199550  Y 305150
X 199550  Y 321650
X 199550  Y 328250
X 215500  Y 357400
X 210550  Y 353550
X 205050  Y 328250
X 205050  Y 321650
X 205050  Y 314500
X 205050  Y 299100
X 206700  Y 278200
X 206700  Y 271600
X 206700  Y 265550
X 208900  Y 216050
X 214950  Y 216050
X 208900  Y 210550
X 214950  Y 210550
X 208900  Y 204500
X 214950  Y 204500
X 214950  Y 198450
X 208900  Y 198450
X 208900  Y 192400
X 214950  Y 192400
X 208900  Y 186900
X 214950  Y 186900
X 208900  Y 181400
X 214950  Y 181400
X 214950  Y 174800
X 208900  Y 174800
X 214950  Y 168200
X 208900  Y 168200
X 214950  Y 162150
X 208900  Y 162150
X 208900  Y 155550
X 214950  Y 155550
X 208350  Y 148950
X 214400  Y 148950
X 208350  Y 142350
X 214400  Y 142350
X 208350  Y 136300
X 214400  Y 136300
X 222100  Y 129700
X 214400  Y 129700
X 228150  Y 129700
X 208350  Y 129700
X 208350  Y 123100
X 214400  Y 123100
X 228150  Y 123100
X 222100  Y 123100
X 222100  Y 117050
X 214400  Y 117050
X 208350  Y 117050
X 228150  Y 117050
X 214400  Y 110450
X 208350  Y 110450
X 228150  Y 110450
X 222100  Y 110450
X 222100  Y 104400
X 214400  Y 104400
X 208350  Y 104400
X 228150  Y 104400
X 234200  Y 104400
X 241900  Y 104400
X 247950  Y 104400
X 254000  Y 104400
X 247950  Y 110450
X 254000  Y 110450
X 234200  Y 110450
X 241900  Y 110450
X 247950  Y 116500
X 254000  Y 116500
X 241900  Y 116500
X 234200  Y 117050
X 234200  Y 123100
X 241900  Y 123100
X 247950  Y 123100
X 254000  Y 123100
X 234200  Y 129700
X 247950  Y 129700
X 241900  Y 129700
X 254000  Y 129700
X 239150  Y 264450
X 252900  Y 264450
X 245750  Y 264450
X 239150  Y 269950
X 252900  Y 269950
X 245750  Y 269950
X 245750  Y 274900
X 252900  Y 274900
X 239150  Y 274900
X 245750  Y 279850
X 239150  Y 279850
X 252900  Y 279850
X 252350  Y 299100
X 245200  Y 299100
X 238600  Y 299100
X 241900  Y 303500
X 248500  Y 303500
X 238600  Y 308450
X 252350  Y 308450
X 245200  Y 308450
X 231450  Y 321100
X 252350  Y 321100
X 238600  Y 321100
X 245200  Y 321100
X 231450  Y 327150
X 245200  Y 327150
X 252350  Y 327150
X 238600  Y 327150
X 245200  Y 332100
X 238050  Y 332100
X 231450  Y 332100
X 252350  Y 332100
X 244100  Y 370050
X 250700  Y 370050
X 250700  Y 376100
X 244100  Y 376100
X 250700  Y 382150
X 244100  Y 382150
X 250700  Y 388200
X 244100  Y 388200
X 244100  Y 394250
X 250700  Y 394250
X 250700  Y 400300
X 244100  Y 400300
X 250700  Y 406350
X 244100  Y 406350
X 240800  Y 411850
X 254000  Y 411850
X 247400  Y 411850
X 240800  Y 417350
X 247400  Y 417350
X 254000  Y 417350
X 234200  Y 417350
X 254000  Y 423950
X 247400  Y 423950
X 240800  Y 423950
X 234200  Y 423950
X 254000  Y 429450
X 247400  Y 429450
X 254000  Y 434400
X 260600  Y 434400
X 260600  Y 429450
X 260600  Y 423950
X 264450  Y 420650
X 260600  Y 417350
X 260600  Y 411850
X 257300  Y 406350
X 271050  Y 406350
X 264450  Y 406350
X 257300  Y 400300
X 271050  Y 400300
X 264450  Y 400300
X 257300  Y 394250
X 271050  Y 394250
X 264450  Y 394250
X 257300  Y 388200
X 271050  Y 388200
X 264450  Y 388200
X 257300  Y 382150
X 271050  Y 382150
X 264450  Y 382150
X 257300  Y 376100
X 271050  Y 376100
X 264450  Y 376100
X 256200  Y 353550
X 259500  Y 335950
X 266100  Y 335950
X 273250  Y 335950
X 262800  Y 332100
X 273250  Y 330450
X 259500  Y 327150
X 266100  Y 327150
X 273250  Y 324400
X 266100  Y 321100
X 259500  Y 321100
X 266100  Y 308450
X 259500  Y 308450
X 273250  Y 308450
X 255650  Y 303500
X 262800  Y 303500
X 269400  Y 303500
X 276550  Y 303500
X 259500  Y 299100
X 273250  Y 299100
X 266100  Y 299100
X 273800  Y 279850
X 260050  Y 279850
X 266650  Y 279850
X 273800  Y 274900
X 266650  Y 274900
X 260050  Y 274900
X 273800  Y 269950
X 260050  Y 269950
X 266650  Y 269950
X 266650  Y 264450
X 260050  Y 264450
X 273800  Y 264450
X 274900  Y 230350
X 268850  Y 230350
X 262800  Y 230350
X 271600  Y 225400
X 277650  Y 225400
X 265550  Y 225400
X 274900  Y 221000
X 262800  Y 221000
X 268850  Y 221000
X 269950  Y 186900
X 263900  Y 186900
X 276000  Y 186900
X 263900  Y 180300
X 276000  Y 180300
X 269950  Y 180300
X 276000  Y 173700
X 269950  Y 173700
X 263900  Y 173700
X 276000  Y 167650
X 263900  Y 167650
X 269950  Y 167650
X 267200  Y 129700
X 273250  Y 129700
X 261150  Y 129700
X 273250  Y 116500
X 261150  Y 116500
X 267200  Y 116500
X 261150  Y 110450
X 267200  Y 110450
X 273250  Y 110450
X 267200  Y 104400
X 273250  Y 104400
X 261150  Y 104400
X 288100  Y 167650
X 300200  Y 167650
X 294150  Y 167650
X 282050  Y 167650
X 294150  Y 173700
X 300200  Y 173700
X 288100  Y 173700
X 282050  Y 173700
X 294150  Y 180300
X 300200  Y 180300
X 288100  Y 180300
X 282050  Y 180300
X 282050  Y 186900
X 288100  Y 186900
X 294150  Y 186900
X 300200  Y 186900
X 280950  Y 221000
X 287000  Y 221000
X 293050  Y 221000
X 300200  Y 221000
X 283700  Y 225400
X 289750  Y 225400
X 295800  Y 225400
X 303500  Y 226500
X 293050  Y 230350
X 287000  Y 230350
X 280950  Y 230350
X 300200  Y 230350
X 287550  Y 264450
X 294700  Y 264450
X 301300  Y 264450
X 280400  Y 264450
X 294700  Y 269950
X 280400  Y 269950
X 287550  Y 269950
X 301300  Y 269950
X 294700  Y 274900
X 280400  Y 274900
X 301300  Y 274900
X 287550  Y 274900
X 287550  Y 279850
X 294700  Y 279850
X 301300  Y 279850
X 280400  Y 279850
X 294150  Y 299100
X 287550  Y 299100
X 280400  Y 299100
X 300750  Y 299100
X 290300  Y 303500
X 304050  Y 303500
X 283150  Y 303500
X 296900  Y 303500
X 300750  Y 308450
X 293600  Y 308450
X 279850  Y 308450
X 287000  Y 308450
X 287000  Y 324400
X 294150  Y 324400
X 280400  Y 324400
X 287000  Y 330450
X 280400  Y 330450
X 294150  Y 330450
X 287000  Y 335950
X 280400  Y 335950
X 294150  Y 335950
X 294150  Y 342550
X 287000  Y 342550
X 294150  Y 348050
X 288650  Y 387100
X 284250  Y 396450
X 298000  Y 405800
X 291400  Y 405800
X 294700  Y 409100
X 291400  Y 412950
X 298000  Y 412950
X 325500  Y 483350
X 325500  Y 290300
X 321650  Y 285900
X 310100  Y 279850
X 316700  Y 279850
X 316700  Y 274900
X 310100  Y 274900
X 316700  Y 269950
X 310100  Y 269950
X 316700  Y 264450
X 310100  Y 264450
X 318350  Y 230350
X 312300  Y 230350
X 306250  Y 230350
X 324400  Y 230350
X 309550  Y 226500
X 315600  Y 226500
X 324400  Y 223200
X 306250  Y 221000
X 312300  Y 221000
X 318350  Y 221000
X 324950  Y 194600
X 324950  Y 188000
X 306250  Y 186900
X 324950  Y 181950
X 306250  Y 180300
X 324950  Y 175350
X 306250  Y 173700
X 324950  Y 168200
X 306250  Y 167650
X 324950  Y 161600
X 306250  Y 161050
X 349150  Y 141250
X 354100  Y 146200
X 334300  Y 161600
X 329900  Y 164900
X 334300  Y 168200
X 329900  Y 172050
X 334300  Y 175350
X 329900  Y 178650
X 334300  Y 181950
X 329900  Y 184700
X 340350  Y 184700
X 334300  Y 188000
X 345300  Y 188000
X 329900  Y 191300
X 340350  Y 191300
X 334300  Y 194600
X 336500  Y 223200
X 330450  Y 223200
X 340900  Y 227050
X 330450  Y 230350
X 335950  Y 230350
X 349150  Y 264450
X 343100  Y 264450
X 336500  Y 264450
X 329900  Y 264450
X 349150  Y 269400
X 329900  Y 269400
X 336500  Y 269400
X 343100  Y 269400
X 343100  Y 274900
X 349150  Y 274900
X 329900  Y 274900
X 336500  Y 274900
X 343100  Y 280400
X 349150  Y 280400
X 329900  Y 280400
X 336500  Y 280400
X 333200  Y 284800
X 339800  Y 284800
X 346400  Y 284800
X 339800  Y 290300
X 333200  Y 290300
X 346400  Y 290300
X 336500  Y 300200
X 329900  Y 300200
X 343100  Y 300200
X 349150  Y 300200
X 329900  Y 305700
X 336500  Y 305700
X 343100  Y 305700
X 349150  Y 305700
X 349150  Y 311750
X 336500  Y 311750
X 343100  Y 311750
X 329900  Y 311750
X 343100  Y 317800
X 349150  Y 317800
X 329900  Y 317800
X 336500  Y 317800
X 336500  Y 323850
X 329900  Y 323850
X 343100  Y 323850
X 349150  Y 323850
X 336500  Y 329900
X 349150  Y 329900
X 329900  Y 329900
X 343100  Y 329900
X 336500  Y 335950
X 349150  Y 335950
X 343100  Y 335950
X 329900  Y 335950
X 346400  Y 340350
X 339800  Y 340350
X 333200  Y 340350
X 330450  Y 346950
X 337050  Y 346950
X 337050  Y 353000
X 330450  Y 353000
X 353550  Y 357950
X 337050  Y 359050
X 330450  Y 359050
X 337050  Y 365100
X 330450  Y 365100
X 337050  Y 371150
X 330450  Y 371150
X 330450  Y 377200
X 337050  Y 377200
X 337050  Y 383800
X 330450  Y 383800
X 330450  Y 389850
X 337050  Y 389850
X 330450  Y 395900
X 337050  Y 395900
X 330450  Y 401950
X 337050  Y 401950
X 330450  Y 408000
X 337050  Y 408000
X 343100  Y 414050
X 337050  Y 414050
X 330450  Y 414050
X 346950  Y 419000
X 340900  Y 419000
X 334300  Y 419000
X 330450  Y 423950
X 337050  Y 423950
X 343100  Y 423950
X 340900  Y 428900
X 346950  Y 428900
X 334300  Y 428900
X 343100  Y 433850
X 330450  Y 433850
X 337050  Y 433850
X 346950  Y 438800
X 340900  Y 438800
X 334300  Y 438800
X 337050  Y 443200
X 343100  Y 443200
X 330450  Y 443200
X 336500  Y 464100
X 342000  Y 464100
X 347500  Y 464100
X 330450  Y 464100
X 336500  Y 469600
X 330450  Y 469600
X 342000  Y 469600
X 347500  Y 469600
X 353550  Y 472350
X 342000  Y 475100
X 347500  Y 475100
X 330450  Y 475100
X 336500  Y 475100
X 353550  Y 478400
X 336500  Y 488300
X 330450  Y 488300
X 342000  Y 488300
X 347500  Y 488300
X 353550  Y 488300
X 359600  Y 488300
X 365100  Y 488300
X 370600  Y 488300
X 377750  Y 488300
X 359600  Y 478400
X 365100  Y 478400
X 370600  Y 478400
X 377750  Y 478400
X 359600  Y 472350
X 365100  Y 472350
X 370600  Y 472350
X 377750  Y 472350
X 357950  Y 362350
X 374450  Y 338700
X 377750  Y 333750
X 374450  Y 329350
X 374450  Y 324400
X 357400  Y 216050
X 362350  Y 210550
X 371700  Y 183050
X 377750  Y 183050
X 377750  Y 177000
X 371700  Y 177000
X 377750  Y 170950
X 371700  Y 170950
X 366200  Y 167650
X 377750  Y 165450
X 371700  Y 165450
X 366200  Y 141800
X 372800  Y 141800
X 369500  Y 137950
X 372800  Y 134650
X 366200  Y 134650
X 402500  Y 165450
X 383800  Y 165450
X 389850  Y 165450
X 395900  Y 165450
X 383800  Y 170950
X 389850  Y 170950
X 402500  Y 170950
X 395900  Y 170950
X 383800  Y 177000
X 389850  Y 177000
X 395900  Y 177000
X 402500  Y 177000
X 383800  Y 183050
X 389850  Y 183050
X 395900  Y 183050
X 402500  Y 183050
X 400850  Y 250700
X 394800  Y 250700
X 388200  Y 250700
X 381600  Y 250700
X 394800  Y 256200
X 388200  Y 256200
X 381600  Y 256200
X 400850  Y 256200
X 381600  Y 262250
X 394800  Y 262250
X 388200  Y 262250
X 400850  Y 262250
X 394800  Y 268300
X 388200  Y 268300
X 381600  Y 268300
X 400850  Y 268300
X 394800  Y 274350
X 388200  Y 274350
X 381600  Y 274350
X 400850  Y 274350
X 394800  Y 279850
X 388200  Y 279850
X 400850  Y 279850
X 381600  Y 279850
X 394800  Y 285350
X 388200  Y 285350
X 381600  Y 285350
X 400850  Y 285350
X 394800  Y 290850
X 388200  Y 290850
X 381600  Y 290850
X 400850  Y 290850
X 394800  Y 299650
X 388200  Y 299650
X 381600  Y 299650
X 400850  Y 299650
X 400850  Y 304600
X 381600  Y 304600
X 388200  Y 304600
X 394800  Y 304600
X 400850  Y 309550
X 394800  Y 309550
X 388200  Y 309550
X 381600  Y 309550
X 387650  Y 324400
X 399750  Y 324400
X 381050  Y 324400
X 393700  Y 324400
X 399750  Y 329350
X 381050  Y 329350
X 393700  Y 329350
X 387650  Y 329350
X 397000  Y 333750
X 403050  Y 333750
X 390950  Y 333750
X 384350  Y 333750
X 399750  Y 338700
X 381050  Y 338700
X 387650  Y 338700
X 393700  Y 338700
X 403050  Y 345850
X 399200  Y 359600
X 383800  Y 472350
X 383800  Y 478400
X 383800  Y 488300
X 389300  Y 488300
X 394800  Y 488300
X 416250  Y 483350
X 426700  Y 402500
X 416800  Y 345850
X 409650  Y 345850
X 423950  Y 345850
X 426700  Y 338700
X 419550  Y 338700
X 405800  Y 338700
X 412400  Y 338700
X 422850  Y 333750
X 415700  Y 333750
X 409100  Y 333750
X 412400  Y 329350
X 405800  Y 329350
X 426700  Y 329350
X 419550  Y 329350
X 426700  Y 324400
X 412400  Y 324400
X 419550  Y 324400
X 405800  Y 324400
X 412950  Y 309550
X 419550  Y 309550
X 425600  Y 309550
X 406900  Y 309550
X 412950  Y 304600
X 419550  Y 304600
X 425600  Y 304600
X 406900  Y 304600
X 412950  Y 299650
X 406900  Y 299650
X 419550  Y 299650
X 425600  Y 299650
X 412950  Y 290850
X 406900  Y 290850
X 425600  Y 290850
X 419550  Y 290850
X 412950  Y 285350
X 406900  Y 285350
X 425600  Y 285350
X 419550  Y 285350
X 419550  Y 279850
X 406900  Y 279850
X 412950  Y 279850
X 425600  Y 279850
X 406900  Y 274350
X 419550  Y 274350
X 412950  Y 274350
X 425600  Y 274350
X 425600  Y 268300
X 419550  Y 268300
X 412950  Y 268300
X 406900  Y 268300
X 425600  Y 262250
X 419550  Y 262250
X 412950  Y 262250
X 406900  Y 262250
X 425600  Y 256200
X 412950  Y 256200
X 419550  Y 256200
X 406900  Y 256200
X 419550  Y 250700
X 412950  Y 250700
X 406900  Y 250700
X 425600  Y 250700
X 412950  Y 229250
X 420100  Y 229250
X 412950  Y 224850
X 420100  Y 224850
X 426700  Y 224850
X 426700  Y 221000
X 420100  Y 221000
X 412950  Y 221000
X 424500  Y 189650
X 418450  Y 187450
X 408550  Y 183050
X 421200  Y 183050
X 415150  Y 183050
X 427250  Y 183050
X 427250  Y 177000
X 408550  Y 177000
X 421200  Y 177000
X 415150  Y 177000
X 415150  Y 170950
X 408550  Y 170950
X 427250  Y 170950
X 421200  Y 170950
X 427250  Y 165450
X 408550  Y 165450
X 415150  Y 165450
X 421200  Y 165450
X 434400  Y 299650
X 450900  Y 299650
X 442650  Y 299650
X 434400  Y 304600
X 450900  Y 304600
X 442650  Y 304600
X 434400  Y 309550
X 450900  Y 309550
X 442650  Y 309550
X 432750  Y 324400
X 432750  Y 329350
X 430000  Y 333750
X 432750  Y 338700
X 430000  Y 345850
X 431100  Y 393700
X 433300  Y 412950
X 439900  Y 412950
X 436600  Y 416250
X 433300  Y 420100
X 439900  Y 420100
X 459150  Y 309550
X 475650  Y 309550
X 467400  Y 309550
X 459150  Y 304600
X 475650  Y 304600
X 467400  Y 304600
X 475650  Y 299650
X 467400  Y 299650
X 459150  Y 299650
X 463000  Y 292500
X 471800  Y 292500
X 463000  Y 287550
X 471800  Y 287550
X 471800  Y 282600
X 463000  Y 282600
X 471800  Y 275450
X 463000  Y 275450
X 463000  Y 270500
X 471800  Y 270500
X 471800  Y 265550
X 463000  Y 265550
X 463000  Y 257850
X 471800  Y 257850
X 463000  Y 252900
X 471800  Y 252900
X 471800  Y 247950
X 463000  Y 247950
X 471800  Y 239700
X 463000  Y 239700
X 463000  Y 234750
X 471800  Y 234750
X 471800  Y 229800
X 463000  Y 229800
X 471800  Y 222100
X 463000  Y 222100
X 471800  Y 217150
X 471800  Y 212200
X 471800  Y 205050
X 471800  Y 200100
X 471800  Y 195150
X 471800  Y 189100
X 471800  Y 183050
X 464650  Y 151700
X 489400  Y 183050
X 480600  Y 183050
X 489400  Y 189100
X 480600  Y 189100
X 489400  Y 195150
X 480600  Y 195150
X 480600  Y 200100
X 489400  Y 200100
X 489400  Y 205050
X 480600  Y 205050
X 489400  Y 212200
X 480600  Y 212200
X 480600  Y 217150
X 489400  Y 217150
X 489400  Y 222100
X 480600  Y 222100
X 480600  Y 229800
X 489400  Y 229800
X 489400  Y 234750
X 480600  Y 234750
X 480600  Y 239700
X 489400  Y 239700
X 480600  Y 247950
X 489400  Y 247950
X 480600  Y 252900
X 489400  Y 252900
X 480600  Y 257850
X 489400  Y 257850
X 489400  Y 265550
X 480600  Y 265550
X 489400  Y 270500
X 480600  Y 270500
X 489400  Y 275450
X 480600  Y 275450
X 489400  Y 282600
X 480600  Y 282600
X 480600  Y 287550
X 489400  Y 287550
X 480600  Y 292500
X 489400  Y 292500
X 483900  Y 299650
X 483900  Y 304600
X 483900  Y 309550

Drill: .03543  Tool: 3  Feed: 0  Speed: 0
X 106050  Y 270750
X 106050  Y 280750
X 106050  Y 290750
X 106050  Y 300750

Drill: .04724  Tool: 4  Feed: 0  Speed: 0
X 286100  Y 123099
X 266100  Y 123100

End of Listing
