Removed Pin From Net: NetName=GND Pin=JP8-6
Removed Pin From Net: NetName=GND Pin=JP8-6
Removed Pin From Net: NetName=GND Pin=JP8-6
Removed Pin From Net: NetName=GND Pin=JP8-6
Removed Pin From Net: NetName=GND Pin=JP8-6
Removed Pin From Net: NetName=GND Pin=JP8-6
Removed Pin From Net: NetName=GND Pin=JP8-6
Removed Pin From Net: NetName=GND Pin=JP8-6
Removed Pin From Net: NetName=BOOT0 Pin=R9-1
Removed Pin From Net: NetName=3.3V Pin=R9-2
Removed Pin From Net: NetName=3.3V Pin=U2-4
Removed Pin From Net: NetName=PB12 Pin=U4-1
Removed Pin From Net: NetName=PB12 Pin=U4-2
Removed Pin From Net: NetName=GND Pin=U4-3
Removed Pin From Net: NetName=GND Pin=U4-4
Removed Pin From Net: NetName=RESET Pin=U5-1
Removed Pin From Net: NetName=RESET Pin=U5-2
Removed Pin From Net: NetName=GND Pin=U5-3
Removed Pin From Net: NetName=GND Pin=U5-4
Removed Pin From Net: NetName=NetC22_1 Pin=Y3-1
Removed Pin From Net: NetName=NetC23_1 Pin=Y3-2
Removed Member From Class: ClassName=Sheet1 Member=R9
Added Component: Designator=SW3(SW-SMD_L6.1-W3.6-LS8.0)
Added Component: Designator=SW4(SW-SMD_L6.1-W3.6-LS8.0)
Added Component: Designator=Y2(SMD-5032_2P)
Add component (AddParameter): Name = "ComponentLink1Description"; Value = "供应商链接"; VariantName = "[No Variations]"
Add component (AddParameter): Name = "ComponentLink1URL"; Value = "http://www.szlcsc.com/product/details_117214.html"; VariantName = "[No Variations]"
Add component (AddParameter): Name = "Notepad"; Value = ""; VariantName = "[No Variations]"
Add component (AddParameter): Name = "Package"; Value = "SMD-5032_2P"; VariantName = "[No Variations]"
Add component (AddParameter): Name = "Supplier"; Value = "LC"; VariantName = "[No Variations]"
Add component (AddParameter): Name = "SuppliersPartNumber"; Value = "C115962"; VariantName = "[No Variations]"
Added Pin To Net: NetName=PB12 Pin=SW3-1
Added Pin To Net: NetName=RESET Pin=SW4-1
Added Pin To Net: NetName=RESET Pin=U1-7
Added Pin To Net: NetName=NetC22_1 Pin=Y2-1
Added Pin To Net: NetName=NetC23_1 Pin=Y2-2
Added Member To Class: ClassName=Sheet1 Member=Component SW3 KEY
Added Member To Class: ClassName=Sheet1 Member=Component SW4 KEY
Added Member To Class: ClassName=Sheet1 Member=Component Y2 8MHz
