Change Component Footprint: Designator=C13 Old Footprint=0805_C New Footprint=0805C
Change Component Footprint: Designator=R3 Old Footprint=0805_R New Footprint=0805R
Added Component: Designator=C1(0805C)
Added Component: Designator=C2(0805C)
Added Component: Designator=C3(0805C)
Added Component: Designator=C4(0805C)
Added Component: Designator=C5(0805C)
Added Component: Designator=C6(0805C)
Added Component: Designator=C7(0805C)
Added Component: Designator=C8(0805C)
Added Component: Designator=C14(0805C)
Added Component: Designator=C17(0805C)
Added Component: Designator=C20(0805C)
Added Component: Designator=C22(0805C)
Added Component: Designator=C23(0805C)
Added Component: Designator=D1(0805D)
Added Component: Designator=D2(0805D)
Added Component: Designator=D3(0805D)
Added Component: Designator=F1(1206R)
Added Component: Designator=JP1(SWD)
Added Component: Designator=JP6(PWR)
Added Component: Designator=JP7(PWR)
Added Component: Designator=JP9(CON20VP2R54-2X2TM)
Added Component: Designator=L1(0805L)
Added Component: Designator=L2(0805L)
Added Component: Designator=R1(0805R)
Added Component: Designator=R2(0805R)
Added Component: Designator=R5(0805R)
Added Component: Designator=R7(0805R)
Added Component: Designator=SW1(SWITCH_3P)
Added Component: Designator=SW2(CON20VP2R54-2X2TM)
Added Component: Designator=SW3(KEY_4P)
Added Component: Designator=SW4(KEY_4P)
Added Component: Designator=U3(SOP16)
Added Pin To Net: NetName=VDDA Pin=C1-1
Added Pin To Net: NetName=VSSA Pin=C1-2
Added Pin To Net: NetName=3.3V Pin=C2-1
Added Pin To Net: NetName=GND Pin=C2-2
Added Pin To Net: NetName=3.3V Pin=C3-1
Added Pin To Net: NetName=GND Pin=C3-2
Added Pin To Net: NetName=3.3V Pin=C4-1
Added Pin To Net: NetName=GND Pin=C4-2
Added Pin To Net: NetName=GND Pin=C5-1
Added Pin To Net: NetName=3.3V Pin=C5-2
Added Pin To Net: NetName=GND Pin=C6-1
Added Pin To Net: NetName=3.3V Pin=C6-2
Added Pin To Net: NetName=5V Pin=C7-1
Added Pin To Net: NetName=GND Pin=C7-2
Added Pin To Net: NetName=5V Pin=C8-1
Added Pin To Net: NetName=GND Pin=C8-2
Added Pin To Net: NetName=RESET Pin=C14-1
Added Pin To Net: NetName=GND Pin=C14-2
Added Pin To Net: NetName=GND Pin=C17-1
Added Pin To Net: NetName=VCC Pin=C17-2
Added Pin To Net: NetName=NetC20_1 Pin=C20-1
Added Pin To Net: NetName=GND Pin=C20-2
Added Pin To Net: NetName=NetC22_1 Pin=C22-1
Added Pin To Net: NetName=GND Pin=C22-2
Added Pin To Net: NetName=NetC23_1 Pin=C23-1
Added Pin To Net: NetName=GND Pin=C23-2
Added Pin To Net: NetName=NetD1_1 Pin=D1-1
Added Pin To Net: NetName=GND Pin=D1-2
Added Pin To Net: NetName=NetD2_1 Pin=D2-1
Added Pin To Net: NetName=PC9 Pin=D2-2
Added Pin To Net: NetName=NetD3_1 Pin=D3-1
Added Pin To Net: NetName=PC8 Pin=D3-2
Added Pin To Net: NetName=VCC Pin=F1-1
Added Pin To Net: NetName=NetF1_2 Pin=F1-2
Added Pin To Net: NetName=3.3V Pin=JP1-1
Added Pin To Net: NetName=SWDIO Pin=JP1-2
Added Pin To Net: NetName=SWCLK Pin=JP1-3
Added Pin To Net: NetName=GND Pin=JP1-4
Added Pin To Net: NetName=3.3V Pin=JP6-1
Added Pin To Net: NetName=GND Pin=JP6-2
Added Pin To Net: NetName=3.3V Pin=JP6-3
Added Pin To Net: NetName=GND Pin=JP6-4
Added Pin To Net: NetName=3.3V Pin=JP6-5
Added Pin To Net: NetName=GND Pin=JP6-6
Added Pin To Net: NetName=5V Pin=JP7-1
Added Pin To Net: NetName=GND Pin=JP7-2
Added Pin To Net: NetName=5V Pin=JP7-3
Added Pin To Net: NetName=GND Pin=JP7-4
Added Pin To Net: NetName=5V Pin=JP7-5
Added Pin To Net: NetName=GND Pin=JP7-6
Added Pin To Net: NetName=TX Pin=JP9-1
Added Pin To Net: NetName=PA10 Pin=JP9-2
Added Pin To Net: NetName=RX Pin=JP9-3
Added Pin To Net: NetName=PA9 Pin=JP9-4
Added Pin To Net: NetName=3.3V Pin=L1-1
Added Pin To Net: NetName=VDDA Pin=L1-2
Added Pin To Net: NetName=GND Pin=L2-1
Added Pin To Net: NetName=VSSA Pin=L2-2
Added Pin To Net: NetName=3.3V Pin=R1-1
Added Pin To Net: NetName=BOOT0 Pin=R1-2
Added Pin To Net: NetName=3.3V Pin=R2-1
Added Pin To Net: NetName=BOOT1 Pin=R2-2
Added Pin To Net: NetName=NetD1_1 Pin=R5-1
Added Pin To Net: NetName=3.3V Pin=R5-2
Added Pin To Net: NetName=RESET Pin=R7-1
Added Pin To Net: NetName=3.3V Pin=R7-2
Added Pin To Net: NetName=5V Pin=SW1-1
Added Pin To Net: NetName=NetF1_2 Pin=SW1-2
Added Pin To Net: NetName=GND Pin=SW2-1
Added Pin To Net: NetName=BOOT1 Pin=SW2-2
Added Pin To Net: NetName=GND Pin=SW2-3
Added Pin To Net: NetName=BOOT0 Pin=SW2-4
Added Pin To Net: NetName=PB12 Pin=SW3-1
Added Pin To Net: NetName=PB12 Pin=SW3-1
Added Pin To Net: NetName=GND Pin=SW3-3
Added Pin To Net: NetName=GND Pin=SW3-3
Added Pin To Net: NetName=RESET Pin=SW4-1
Added Pin To Net: NetName=RESET Pin=SW4-1
Added Pin To Net: NetName=GND Pin=SW4-3
Added Pin To Net: NetName=GND Pin=SW4-3
Added Pin To Net: NetName=GND Pin=U3-1
Added Pin To Net: NetName=TX Pin=U3-2
Added Pin To Net: NetName=RX Pin=U3-3
Added Pin To Net: NetName=NetC20_1 Pin=U3-4
Added Pin To Net: NetName=CH340_D+ Pin=U3-5
Added Pin To Net: NetName=CH340_D- Pin=U3-6
Added Pin To Net: NetName=NetC23_1 Pin=U3-7
Added Pin To Net: NetName=NetC22_1 Pin=U3-8
Added Pin To Net: NetName=VCC Pin=U3-16
Added Member To Class: ClassName=Sheet1 Member=Component C1 0805c
Added Member To Class: ClassName=Sheet1 Member=Component C2 0805c
Added Member To Class: ClassName=Sheet1 Member=Component C3 0805c
Added Member To Class: ClassName=Sheet1 Member=Component C4 0805c
Added Member To Class: ClassName=Sheet1 Member=Component C5 0805c
Added Member To Class: ClassName=Sheet1 Member=Component C6 0805c
Added Member To Class: ClassName=Sheet1 Member=Component C7 0805c
Added Member To Class: ClassName=Sheet1 Member=Component C8 0805c
Added Member To Class: ClassName=Sheet1 Member=Component C14 0805c
Added Member To Class: ClassName=Sheet1 Member=Component C17 0805c
Added Member To Class: ClassName=Sheet1 Member=Component C20 0805c
Added Member To Class: ClassName=Sheet1 Member=Component C22 0805c
Added Member To Class: ClassName=Sheet1 Member=Component C23 0805c
Added Member To Class: ClassName=Sheet1 Member=Component D1 LED
Added Member To Class: ClassName=Sheet1 Member=Component D2 LED
Added Member To Class: ClassName=Sheet1 Member=Component D3 LED
Added Member To Class: ClassName=Sheet1 Member=Component F1 FUSE
Added Member To Class: ClassName=Sheet1 Member=Component JP1 SWD
Added Member To Class: ClassName=Sheet1 Member=Component JP6 PWR3.3V
Added Member To Class: ClassName=Sheet1 Member=Component JP7 PWR5V
Added Member To Class: ClassName=Sheet1 Member=Component JP9 2*2
Added Member To Class: ClassName=Sheet1 Member=Component L1 0805L
Added Member To Class: ClassName=Sheet1 Member=Component L2 0805L
Added Member To Class: ClassName=Sheet1 Member=Component R1 0805r
Added Member To Class: ClassName=Sheet1 Member=Component R2 0805r
Added Member To Class: ClassName=Sheet1 Member=Component R5 0805r
Added Member To Class: ClassName=Sheet1 Member=Component R7 0805r
Added Member To Class: ClassName=Sheet1 Member=Component SW1 SWTICH_3P
Added Member To Class: ClassName=Sheet1 Member=Component SW2 SW_BOOT
Added Member To Class: ClassName=Sheet1 Member=Component SW3 KEY
Added Member To Class: ClassName=Sheet1 Member=Component SW4 KEY
Added Member To Class: ClassName=Sheet1 Member=Component U3 CH340G
