Removed Pin From Net: NetName=NetJP2_2 Pin=C15-2
Removed Pin From Net: NetName=NetJP2_3 Pin=C16-1
Removed Pin From Net: NetName=GND Pin=C25-1
Removed Pin From Net: NetName=3.3V Pin=C25-2
Removed Pin From Net: NetName=GND Pin=C27-1
Removed Pin From Net: NetName=3.3V Pin=C27-2
Removed Pin From Net: NetName=GND Pin=C29-1
Removed Pin From Net: NetName=3.3V Pin=C29-2
Removed Pin From Net: NetName=GND Pin=C30-1
Removed Pin From Net: NetName=3.3V Pin=C30-2
Removed Pin From Net: NetName=GND Pin=C31-1
Removed Pin From Net: NetName=3.3V Pin=C31-2
Removed Pin From Net: NetName=GND Pin=C32-1
Removed Pin From Net: NetName=3.3V Pin=C32-2
Removed Pin From Net: NetName=GND Pin=JP8-5
Removed Pin From Net: NetName=GND Pin=JP8-6
Removed Pin From Net: NetName=GND Pin=JP8-7
Removed Pin From Net: NetName=GND Pin=JP8-8
Removed Pin From Net: NetName=GND Pin=JP8-9
Removed Pin From Net: NetName=PC10 Pin=JP9-2
Removed Pin From Net: NetName=PC11 Pin=JP9-4
Removed Pin From Net: NetName=GND Pin=SW3-2
Removed Pin From Net: NetName=GND Pin=SW4-2
Removed Pin From Net: NetName=3.3V Pin=U2-4
Removed Pin From Net: NetName=GND Pin=Y3-1
Removed Pin From Net: NetName=5V Pin=Y3-2
Added Component: Designator=C2(0805C)
Added Component: Designator=C26(0805C)
Added Component: Designator=C28(0805C)
Added Component: Designator=C33(0805C)
Added Pin To Net: NetName=3.3V Pin=C2-1
Added Pin To Net: NetName=GND Pin=C2-2
Added Pin To Net: NetName=3.3V Pin=C25-1
Added Pin To Net: NetName=GND Pin=C25-2
Added Pin To Net: NetName=3.3V Pin=C26-1
Added Pin To Net: NetName=GND Pin=C26-2
Added Pin To Net: NetName=3.3V Pin=C27-1
Added Pin To Net: NetName=GND Pin=C27-2
Added Pin To Net: NetName=3.3V Pin=C28-1
Added Pin To Net: NetName=GND Pin=C28-2
Added Pin To Net: NetName=3.3V Pin=C29-1
Added Pin To Net: NetName=GND Pin=C29-2
Added Pin To Net: NetName=3.3V Pin=C30-1
Added Pin To Net: NetName=GND Pin=C30-2
Added Pin To Net: NetName=3.3V Pin=C31-1
Added Pin To Net: NetName=GND Pin=C31-2
Added Pin To Net: NetName=3.3V Pin=C32-1
Added Pin To Net: NetName=GND Pin=C32-2
Added Pin To Net: NetName=3.3V Pin=C33-1
Added Pin To Net: NetName=GND Pin=C33-2
Added Pin To Net: NetName=PC11 Pin=JP9-2
Added Pin To Net: NetName=PC10 Pin=JP9-4
Added Class: Name=±àÂëÆ÷
Added Room: Name=±àÂëÆ÷
