Removed Pin From Net: NetName=GND Pin=C9-2
Removed Pin From Net: NetName=GND Pin=JP1-6
Removed Pin From Net: NetName=GND Pin=JP1-6
Removed Pin From Net: NetName=GND Pin=JP1-6
Removed Pin From Net: NetName=GND Pin=JP1-6
Removed Pin From Net: NetName=GND Pin=JP1-6
Removed Pin From Net: NetName=GND Pin=JP1-6
Removed Pin From Net: NetName=GND Pin=JP1-6
Removed Pin From Net: NetName=GND Pin=JP1-6
Removed Pin From Net: NetName=GND Pin=JP2-3
Removed Pin From Net: NetName=GND Pin=JP6-6
Removed Pin From Net: NetName=GND Pin=JP6-6
Removed Pin From Net: NetName=GND Pin=JP6-6
Removed Pin From Net: NetName=GND Pin=JP6-6
Removed Pin From Net: NetName=GND Pin=JP6-6
Removed Pin From Net: NetName=GND Pin=JP6-6
Removed Pin From Net: NetName=GND Pin=JP6-6
Removed Pin From Net: NetName=GND Pin=JP6-6
Removed Pin From Net: NetName=GND Pin=SW1-4
Removed Pin From Net: NetName=GND Pin=SW1-4
Removed Pin From Net: NetName=GND Pin=Y1-3
Removed Pin From Net: NetName=GND Pin=Y2-3
Removed Pin From Net: NetName=GND Pin=Y2-3
Added Pin To Net: NetName=VSSA Pin=C9-2
Added Pin To Net: NetName=VSSA Pin=JP2-3
Added Member To Class: ClassName=STM32F4 Member=Component C15 0805c
Added Member To Class: ClassName=STM32F4 Member=Component C17 0805c
Added Member To Class: ClassName=STM32F4 Member=Component C18 0805c
Added Member To Class: ClassName=STM32F4 Member=Component C19 0805c
Added Member To Class: ClassName=STM32F4 Member=Component C20 0805c
Added Member To Class: ClassName=STM32F4 Member=Component C21 0805c
Added Member To Class: ClassName=STM32F4 Member=Component C22 0805c
Added Member To Class: ClassName=STM32F4 Member=Component C23 0805c
Added Member To Class: ClassName=STM32F4 Member=Component U1 STM32F407VxT6
Added Room: Name=STM32F4
