Removed Pin From Net: NetName=GND Pin=C15-1
Removed Pin From Net: NetName=3.3V Pin=C15-2
Removed Pin From Net: NetName=NetC20_1 Pin=C20-1
Removed Pin From Net: NetName=GND Pin=JP1-6
Removed Pin From Net: NetName=GND Pin=JP1-6
Removed Pin From Net: NetName=GND Pin=JP1-6
Removed Pin From Net: NetName=GND Pin=JP1-6
Removed Pin From Net: NetName=GND Pin=JP1-6
Removed Pin From Net: NetName=GND Pin=JP1-6
Removed Pin From Net: NetName=GND Pin=JP1-6
Removed Pin From Net: NetName=GND Pin=JP1-6
Removed Pin From Net: NetName=GND Pin=JP1-6
Removed Pin From Net: NetName=GND Pin=JP1-6
Removed Pin From Net: NetName=GND Pin=JP1-6
Removed Pin From Net: NetName=GND Pin=JP1-6
Removed Pin From Net: NetName=GND Pin=JP6-6
Removed Pin From Net: NetName=GND Pin=JP6-6
Removed Pin From Net: NetName=GND Pin=JP6-6
Removed Pin From Net: NetName=GND Pin=JP6-6
Removed Pin From Net: NetName=GND Pin=JP6-6
Removed Pin From Net: NetName=GND Pin=JP6-6
Removed Pin From Net: NetName=GND Pin=JP6-6
Removed Pin From Net: NetName=GND Pin=JP6-6
Removed Pin From Net: NetName=GND Pin=JP6-6
Removed Pin From Net: NetName=GND Pin=JP6-6
Removed Pin From Net: NetName=GND Pin=JP6-6
Removed Pin From Net: NetName=GND Pin=JP6-6
Removed Pin From Net: NetName=GND Pin=SW1-4
Removed Pin From Net: NetName=GND Pin=SW1-4
Removed Pin From Net: NetName=VSSA Pin=U1-19
Removed Pin From Net: NetName=GND Pin=U1-49
Removed Pin From Net: NetName=NetC20_1 Pin=U1-50
Removed Pin From Net: NetName=GND Pin=Y1-3
Removed Pin From Net: NetName=GND Pin=Y2-3
Removed Pin From Net: NetName=GND Pin=Y2-3
Change Component Comment : Designator=U1 Old Comment=STM32F103VxT6 New Comment=STM32F407VxT6
Change Component Designator: OldDesignator=C16 NewDesignator=C15
Change Component Designator: OldDesignator=C17 NewDesignator=C16
Change Component Designator: OldDesignator=C18 NewDesignator=C17
Change Component Designator: OldDesignator=C19 NewDesignator=C18
Change Component Designator: OldDesignator=C20 NewDesignator=C22
Change Component Designator: OldDesignator=C21 NewDesignator=C23
Change Component Designator: OldDesignator=C22 NewDesignator=C24
Change Component Designator: OldDesignator=C23 NewDesignator=C25
Change Component Designator: OldDesignator=C24 NewDesignator=C26
Added Component: Designator=C19(0805C)
Add component. Clean all parameters for all variants
Add component (AddParameter): Name = ""; Value = "22pF"; VariantName = "[No Variations]"
Added Component: Designator=C20(0805C)
Add component. Clean all parameters for all variants
Add component (AddParameter): Name = ""; Value = "22pF"; VariantName = "[No Variations]"
Added Component: Designator=C21(0805C)
Add component. Clean all parameters for all variants
Add component (AddParameter): Name = ""; Value = "22pF"; VariantName = "[No Variations]"
Added Component: Designator=C27(0805C)
Add component. Clean all parameters for all variants
Add component (AddParameter): Name = ""; Value = "22pF"; VariantName = "[No Variations]"
Added Pin To Net: NetName=GND Pin=C9-2
Added Pin To Net: NetName=GND Pin=C19-2
Added Pin To Net: NetName=NetC20_1 Pin=C20-1
Added Pin To Net: NetName=GND Pin=C20-2
Added Pin To Net: NetName=GND Pin=C21-2
Added Pin To Net: NetName=GND Pin=C27-2
Added Pin To Net: NetName=GND Pin=JP2-3
Added Pin To Net: NetName=VSSA Pin=U1-20
Added Pin To Net: NetName=NetC20_1 Pin=U1-49
Change Net Name : Old Net Name=NetC16_1 New Net Name=NetC15_1
Change Net Name : Old Net Name=NetC17_1 New Net Name=NetC16_1
Change Net Name : Old Net Name=NetC19_1 New Net Name=NetC18_1
Change Net Name : Old Net Name=NetC21_1 New Net Name=NetC23_1
Change Net Name : Old Net Name=NetC22_1 New Net Name=NetC24_1
Change Net Name : Old Net Name=NetC23_1 New Net Name=NetC25_1
Change Net Name : Old Net Name=NetC24_1 New Net Name=NetC26_1
Added Pin To Net: NetName=NetC19_1 Pin=C19-1
Added Pin To Net: NetName=NetC19_1 Pin=U1-73
Added Net: Name=NetC19_1
Added Pin To Net: NetName=NetC21_1 Pin=C21-1
Added Pin To Net: NetName=NetC21_1 Pin=C22-1
Added Pin To Net: NetName=NetC21_1 Pin=U1-50
Added Net: Name=NetC21_1
Added Pin To Net: NetName=NetC27_1 Pin=C27-1
Added Pin To Net: NetName=NetC27_1 Pin=U1-19
Added Net: Name=NetC27_1
Change Class Name : Old Net Name=STM32F103VxT6 New Net Name=STM32F4
Added Member To Class: ClassName=STM32F4 Member=Component C25 0805c
Added Member To Class: ClassName=STM32F4 Member=Component C26 0805c
Added Member To Class: ClassName=STM32F4 Member=Component C27 0805c
Added Room: Name=STM32F4
